<?xml version="1.0" encoding="UTF-8"?>
<testsuite name="JUnit Jupiter" tests="4" skipped="0" failures="0" errors="0" time="0.381" hostname="PC-de-Yannis" timestamp="2026-04-28T21:39:03">
<properties>
[...]
</properties>
<testcase name="comparisonEqualTest()" classname="test.LocationTest" time="0.083">
<system-out><![CDATA[
unique-id: [engine:junit-jupiter]/[class:test.LocationTest]/[method:comparisonEqualTest()]
display-name: comparisonEqualTest()
]]></system-out>
</testcase>
<testcase name="basicCreationTest()" classname="test.LocationTest" time="0">
<system-out><![CDATA[
unique-id: [engine:junit-jupiter]/[class:test.LocationTest]/[method:basicCreationTest()]
display-name: basicCreationTest()
]]></system-out>
</testcase>
<testcase name="wrongPostalCode()" classname="test.LocationTest" time="0.016">
<system-out><![CDATA[
unique-id: [engine:junit-jupiter]/[class:test.LocationTest]/[method:wrongPostalCode()]
display-name: wrongPostalCode()
]]></system-out>
</testcase>
<testcase name="comparisonNotEqualTest()" classname="test.LocationTest" time="0.015">
<system-out><![CDATA[
unique-id: [engine:junit-jupiter]/[class:test.LocationTest]/[method:comparisonNotEqualTest()]
display-name: comparisonNotEqualTest()
]]></system-out>
</testcase>
<system-out><![CDATA[
unique-id: [engine:junit-jupiter]
display-name: JUnit Jupiter
]]></system-out>
</testsuite>
